test > A*(3+1)
PLY: PARSE DEBUG START

State  : 0
Stack  : . LexToken(ID,'A',1,0)
Action : Shift and goto state 6

State  : 6
Stack  : ID . LexToken(TIMES,'*',1,1)
Action : Reduce rule [vcte -> ID] with ['A'] and goto state 4
Result : <str @ 0x10696dca8> ('A')

State  : 4
Stack  : vcte . LexToken(TIMES,'*',1,1)
Action : Reduce rule [factor -> vcte] with ['A'] and goto state 3
Result : <str @ 0x10696dca8> ('A')

State  : 3
Stack  : factor . LexToken(TIMES,'*',1,1)
Action : Shift and goto state 20

State  : 20
Stack  : factor TIMES . LexToken(OPENPAR,'(',1,2)
Action : Reduce rule [multdiv -> TIMES] with ['*'] and goto state 18
Result : <str @ 0x1067d8ae8> ('*')

State  : 18
Stack  : factor multdiv . LexToken(OPENPAR,'(',1,2)
Action : Shift and goto state 5

State  : 5
Stack  : factor multdiv OPENPAR . LexToken(CTEI,3,1,3)
Action : Shift and goto state 7

State  : 7
Stack  : factor multdiv OPENPAR CTEI . LexToken(PLUS,'+',1,4)
Action : Reduce rule [vcte -> CTEI] with [3] and goto state 4
Result : <int @ 0x10664bef0> (3)

State  : 4
Stack  : factor multdiv OPENPAR vcte . LexToken(PLUS,'+',1,4)
Action : Reduce rule [factor -> vcte] with [3] and goto state 3
* A 3 t1

Result : <int @ 0x10664bef0> (3)

State  : 3
Stack  : factor multdiv OPENPAR factor . LexToken(PLUS,'+',1,4)
Action : Reduce rule [empty -> <empty>] with [] and goto state 19
Result : <NoneType @ 0x106601fb8> (None)

State  : 19
Stack  : factor multdiv OPENPAR factor empty . LexToken(PLUS,'+',1,4)
Action : Reduce rule [termino2 -> empty] with [None] and goto state 17
Result : <NoneType @ 0x106601fb8> (None)

State  : 17
Stack  : factor multdiv OPENPAR factor termino2 . LexToken(PLUS,'+',1,4)
Action : Reduce rule [termino -> factor termino2] with [3,None] and goto state 2
Result : <NoneType @ 0x106601fb8> (None)

State  : 2
Stack  : factor multdiv OPENPAR termino . LexToken(PLUS,'+',1,4)
Action : Shift and goto state 16

State  : 16
Stack  : factor multdiv OPENPAR termino PLUS . LexToken(CTEI,1,1,5)
Action : Reduce rule [sums -> PLUS] with ['+'] and goto state 13
Result : <str @ 0x106a18148> ('+')

State  : 13
Stack  : factor multdiv OPENPAR termino sums . LexToken(CTEI,1,1,5)
Action : Shift and goto state 7

State  : 7
Stack  : factor multdiv OPENPAR termino sums CTEI . LexToken(CLOSEPAR,')',1,6)
Action : Reduce rule [vcte -> CTEI] with [1] and goto state 4
Result : <int @ 0x10664beb0> (1)

State  : 4
Stack  : factor multdiv OPENPAR termino sums vcte . LexToken(CLOSEPAR,')',1,6)
Action : Reduce rule [factor -> vcte] with [1] and goto state 3
Result : <int @ 0x10664beb0> (1)

State  : 3
Stack  : factor multdiv OPENPAR termino sums factor . LexToken(CLOSEPAR,')',1,6)
Action : Reduce rule [empty -> <empty>] with [] and goto state 19
Result : <NoneType @ 0x106601fb8> (None)

State  : 19
Stack  : factor multdiv OPENPAR termino sums factor empty . LexToken(CLOSEPAR,')',1,6)
Action : Reduce rule [termino2 -> empty] with [None] and goto state 17
+ t1 1 t2

Result : <NoneType @ 0x106601fb8> (None)

State  : 17
Stack  : factor multdiv OPENPAR termino sums factor termino2 . LexToken(CLOSEPAR,')',1,6)
Action : Reduce rule [termino -> factor termino2] with [1,None] and goto state 2
Result : <NoneType @ 0x106601fb8> (None)

State  : 2
Stack  : factor multdiv OPENPAR termino sums termino . LexToken(CLOSEPAR,')',1,6)
Action : Reduce rule [empty -> <empty>] with [] and goto state 14
Result : <NoneType @ 0x106601fb8> (None)

State  : 14
Stack  : factor multdiv OPENPAR termino sums termino empty . LexToken(CLOSEPAR,')',1,6)
Action : Reduce rule [exp2 -> empty] with [None] and goto state 12
exp2 is empty
Result : <NoneType @ 0x106601fb8> (None)

State  : 12
Stack  : factor multdiv OPENPAR termino sums termino exp2 . LexToken(CLOSEPAR,')',1,6)
Action : Reduce rule [exp -> termino exp2] with [None,None] and goto state 23
Result : <NoneType @ 0x106601fb8> (None)

State  : 23
Stack  : factor multdiv OPENPAR termino sums exp . LexToken(CLOSEPAR,')',1,6)
Action : Reduce rule [exp2 -> sums exp] with ['+',None] and goto state 12
Result : <NoneType @ 0x106601fb8> (None)

State  : 12
Stack  : factor multdiv OPENPAR termino exp2 . LexToken(CLOSEPAR,')',1,6)
Action : Reduce rule [exp -> termino exp2] with [None,None] and goto state 22
Result : <NoneType @ 0x106601fb8> (None)

State  : 22
Stack  : factor multdiv OPENPAR exp . LexToken(CLOSEPAR,')',1,6)
Action : Shift and goto state 25

State  : 25
Stack  : factor multdiv OPENPAR exp CLOSEPAR . $end
Action : Reduce rule [factor -> OPENPAR exp CLOSEPAR] with ['(',None,')'] and goto state 3
Leyo parentesis
Result : <str @ 0x1069b81b8> ('(')

State  : 3
Stack  : factor multdiv factor . $end
Action : Reduce rule [empty -> <empty>] with [] and goto state 19
Result : <NoneType @ 0x106601fb8> (None)

State  : 19
Stack  : factor multdiv factor empty . $end
Action : Reduce rule [termino2 -> empty] with [None] and goto state 17
Result : <NoneType @ 0x106601fb8> (None)

State  : 17
Stack  : factor multdiv factor termino2 . $end
Action : Reduce rule [termino -> factor termino2] with ['(',None] and goto state 24
Result : <NoneType @ 0x106601fb8> (None)

State  : 24
Stack  : factor multdiv termino . $end
Action : Reduce rule [termino2 -> multdiv termino] with ['*',None] and goto state 17
Result : <NoneType @ 0x106601fb8> (None)

State  : 17
Stack  : factor termino2 . $end
Action : Reduce rule [termino -> factor termino2] with ['A',None] and goto state 2
Result : <NoneType @ 0x106601fb8> (None)

State  : 2
Stack  : termino . $end
Action : Reduce rule [empty -> <empty>] with [] and goto state 14
Result : <NoneType @ 0x106601fb8> (None)

State  : 14
Stack  : termino empty . $end
Action : Reduce rule [exp2 -> empty] with [None] and goto state 12
exp2 is empty
Result : <NoneType @ 0x106601fb8> (None)

State  : 12
Stack  : termino exp2 . $end
Action : Reduce rule [exp -> termino exp2] with [None,None] and goto state 1
Result : <NoneType @ 0x106601fb8> (None)

State  : 1
Stack  : exp . $end
Done   : Returning <NoneType @ 0x106601fb8> (None)
PLY: PARSE DEBUG END